This is pdfTeX, Version 3.14159265-2.6-1.40.20 (TeX Live 2019) (preloaded format=pdflatex 2019.5.28)  7 JUN 2019 22:13
entering extended mode
 restricted \write18 enabled.
 file:line:error style messages enabled.
 %&-line parsing enabled.
**main.tex
(./main.tex
LaTeX2e <2018-12-01>
(/usr/local/texlive/2019/texmf-dist/tex/latex/base/article.cls
Document Class: article 2018/09/03 v1.4i Standard LaTeX document class
(/usr/local/texlive/2019/texmf-dist/tex/latex/base/size11.clo
File: size11.clo 2018/09/03 v1.4i Standard LaTeX file (size option)
)
\c@part=\count80
\c@section=\count81
\c@subsection=\count82
\c@subsubsection=\count83
\c@paragraph=\count84
\c@subparagraph=\count85
\c@figure=\count86
\c@table=\count87
\abovecaptionskip=\skip41
\belowcaptionskip=\skip42
\bibindent=\dimen102
)
(/usr/local/texlive/2019/texmf-dist/tex/latex/graphics/graphicx.sty
Package: graphicx 2017/06/01 v1.1a Enhanced LaTeX Graphics (DPC,SPQR)

(/usr/local/texlive/2019/texmf-dist/tex/latex/graphics/keyval.sty
Package: keyval 2014/10/28 v1.15 key=value parser (DPC)
\KV@toks@=\toks14
)
(/usr/local/texlive/2019/texmf-dist/tex/latex/graphics/graphics.sty
Package: graphics 2017/06/25 v1.2c Standard LaTeX Graphics (DPC,SPQR)

(/usr/local/texlive/2019/texmf-dist/tex/latex/graphics/trig.sty
Package: trig 2016/01/03 v1.10 sin cos tan (DPC)
)
(/usr/local/texlive/2019/texmf-dist/tex/latex/graphics-cfg/graphics.cfg
File: graphics.cfg 2016/06/04 v1.11 sample graphics configuration
)
Package graphics Info: Driver file: pdftex.def on input line 99.

(/usr/local/texlive/2019/texmf-dist/tex/latex/graphics-def/pdftex.def
File: pdftex.def 2018/01/08 v1.0l Graphics/color driver for pdftex
))
\Gin@req@height=\dimen103
\Gin@req@width=\dimen104
)
(/usr/local/texlive/2019/texmf-dist/tex/latex/graphics/color.sty
Package: color 2016/07/10 v1.1e Standard LaTeX Color (DPC)

(/usr/local/texlive/2019/texmf-dist/tex/latex/graphics-cfg/color.cfg
File: color.cfg 2016/01/02 v1.6 sample color configuration
)
Package color Info: Driver file: pdftex.def on input line 147.
)
(/usr/local/texlive/2019/texmf-dist/tex/latex/amsfonts/amssymb.sty
Package: amssymb 2013/01/14 v3.01 AMS font symbols

(/usr/local/texlive/2019/texmf-dist/tex/latex/amsfonts/amsfonts.sty
Package: amsfonts 2013/01/14 v3.01 Basic AMSFonts support
\@emptytoks=\toks15
\symAMSa=\mathgroup4
\symAMSb=\mathgroup5
LaTeX Font Info:    Overwriting math alphabet `\mathfrak' in version `bold'
(Font)                  U/euf/m/n --> U/euf/b/n on input line 106.
))
(/usr/local/texlive/2019/texmf-dist/tex/latex/amsmath/amsmath.sty
Package: amsmath 2018/12/01 v2.17b AMS math features
\@mathmargin=\skip43

For additional information on amsmath, use the `?' option.
(/usr/local/texlive/2019/texmf-dist/tex/latex/amsmath/amstext.sty
Package: amstext 2000/06/29 v2.01 AMS text

(/usr/local/texlive/2019/texmf-dist/tex/latex/amsmath/amsgen.sty
File: amsgen.sty 1999/11/30 v2.0 generic functions
\@emptytoks=\toks16
\ex@=\dimen105
))
(/usr/local/texlive/2019/texmf-dist/tex/latex/amsmath/amsbsy.sty
Package: amsbsy 1999/11/29 v1.2d Bold Symbols
\pmbraise@=\dimen106
)
(/usr/local/texlive/2019/texmf-dist/tex/latex/amsmath/amsopn.sty
Package: amsopn 2016/03/08 v2.02 operator names
)
\inf@bad=\count88
LaTeX Info: Redefining \frac on input line 223.
\uproot@=\count89
\leftroot@=\count90
LaTeX Info: Redefining \overline on input line 385.
\classnum@=\count91
\DOTSCASE@=\count92
LaTeX Info: Redefining \ldots on input line 482.
LaTeX Info: Redefining \dots on input line 485.
LaTeX Info: Redefining \cdots on input line 606.
\Mathstrutbox@=\box27
\strutbox@=\box28
\big@size=\dimen107
LaTeX Font Info:    Redeclaring font encoding OML on input line 729.
LaTeX Font Info:    Redeclaring font encoding OMS on input line 730.
\macc@depth=\count93
\c@MaxMatrixCols=\count94
\dotsspace@=\muskip10
\c@parentequation=\count95
\dspbrk@lvl=\count96
\tag@help=\toks17
\row@=\count97
\column@=\count98
\maxfields@=\count99
\andhelp@=\toks18
\eqnshift@=\dimen108
\alignsep@=\dimen109
\tagshift@=\dimen110
\tagwidth@=\dimen111
\totwidth@=\dimen112
\lineht@=\dimen113
\@envbody=\toks19
\multlinegap=\skip44
\multlinetaggap=\skip45
\mathdisplay@stack=\toks20
LaTeX Info: Redefining \[ on input line 2844.
LaTeX Info: Redefining \] on input line 2845.
)
(/usr/local/texlive/2019/texmf-dist/tex/latex/tools/array.sty
Package: array 2018/12/30 v2.4k Tabular extension package (FMi)
\col@sep=\dimen114
\ar@mcellbox=\box29
\extrarowheight=\dimen115
\NC@list=\toks21
\extratabsurround=\skip46
\backup@length=\skip47
\ar@cellbox=\box30
)
(/usr/local/texlive/2019/texmf-dist/tex/latex/wrapfig/wrapfig.sty
\wrapoverhang=\dimen116
\WF@size=\dimen117
\c@WF@wrappedlines=\count100
\WF@box=\box31
\WF@everypar=\toks22
Package: wrapfig 2003/01/31  v 3.6
)
(/usr/local/texlive/2019/texmf-dist/tex/latex/url/url.sty
\Urlmuskip=\muskip11
Package: url 2013/09/16  ver 3.4  Verb mode for urls, etc.
) (./main.aux)
\openout1 = `main.aux'.

LaTeX Font Info:    Checking defaults for OML/cmm/m/it on input line 8.
LaTeX Font Info:    ... okay on input line 8.
LaTeX Font Info:    Checking defaults for T1/cmr/m/n on input line 8.
LaTeX Font Info:    ... okay on input line 8.
LaTeX Font Info:    Checking defaults for OT1/cmr/m/n on input line 8.
LaTeX Font Info:    ... okay on input line 8.
LaTeX Font Info:    Checking defaults for OMS/cmsy/m/n on input line 8.
LaTeX Font Info:    ... okay on input line 8.
LaTeX Font Info:    Checking defaults for OMX/cmex/m/n on input line 8.
LaTeX Font Info:    ... okay on input line 8.
LaTeX Font Info:    Checking defaults for U/cmr/m/n on input line 8.
LaTeX Font Info:    ... okay on input line 8.

(/usr/local/texlive/2019/texmf-dist/tex/context/base/mkii/supp-pdf.mkii
[Loading MPS to PDF converter (version 2006.09.02).]
\scratchcounter=\count101
\scratchdimen=\dimen118
\scratchbox=\box32
\nofMPsegments=\count102
\nofMParguments=\count103
\everyMPshowfont=\toks23
\MPscratchCnt=\count104
\MPscratchDim=\dimen119
\MPnumerator=\count105
\makeMPintoPDFobject=\count106
\everyMPtoPDFconversion=\toks24
) (/usr/local/texlive/2019/texmf-dist/tex/latex/oberdiek/epstopdf-base.sty
Package: epstopdf-base 2016/05/15 v2.6 Base part for package epstopdf

(/usr/local/texlive/2019/texmf-dist/tex/generic/oberdiek/infwarerr.sty
Package: infwarerr 2016/05/16 v1.4 Providing info/warning/error messages (HO)
)
(/usr/local/texlive/2019/texmf-dist/tex/latex/oberdiek/grfext.sty
Package: grfext 2016/05/16 v1.2 Manage graphics extensions (HO)

(/usr/local/texlive/2019/texmf-dist/tex/generic/oberdiek/kvdefinekeys.sty
Package: kvdefinekeys 2016/05/16 v1.4 Define keys (HO)

(/usr/local/texlive/2019/texmf-dist/tex/generic/oberdiek/ltxcmds.sty
Package: ltxcmds 2016/05/16 v1.23 LaTeX kernel commands for general use (HO)
)))
(/usr/local/texlive/2019/texmf-dist/tex/latex/oberdiek/kvoptions.sty
Package: kvoptions 2016/05/16 v3.12 Key value format for package options (HO)

(/usr/local/texlive/2019/texmf-dist/tex/generic/oberdiek/kvsetkeys.sty
Package: kvsetkeys 2016/05/16 v1.17 Key value parser (HO)

(/usr/local/texlive/2019/texmf-dist/tex/generic/oberdiek/etexcmds.sty
Package: etexcmds 2016/05/16 v1.6 Avoid name clashes with e-TeX commands (HO)

(/usr/local/texlive/2019/texmf-dist/tex/generic/oberdiek/ifluatex.sty
Package: ifluatex 2016/05/16 v1.4 Provides the ifluatex switch (HO)
Package ifluatex Info: LuaTeX not detected.
))))
(/usr/local/texlive/2019/texmf-dist/tex/generic/oberdiek/pdftexcmds.sty
Package: pdftexcmds 2018/09/10 v0.29 Utility functions of pdfTeX for LuaTeX (HO
)

(/usr/local/texlive/2019/texmf-dist/tex/generic/oberdiek/ifpdf.sty
Package: ifpdf 2018/09/07 v3.3 Provides the ifpdf switch
)
Package pdftexcmds Info: LuaTeX not detected.
Package pdftexcmds Info: \pdf@primitive is available.
Package pdftexcmds Info: \pdf@ifprimitive is available.
Package pdftexcmds Info: \pdfdraftmode found.
)
Package epstopdf-base Info: Redefining graphics rule for `.eps' on input line 4
38.
Package grfext Info: Graphics extension search list:
(grfext)             [.pdf,.png,.jpg,.mps,.jpeg,.jbig2,.jb2,.PDF,.PNG,.JPG,.JPE
G,.JBIG2,.JB2,.eps]
(grfext)             \AppendGraphicsExtensions on input line 456.

(/usr/local/texlive/2019/texmf-dist/tex/latex/latexconfig/epstopdf-sys.cfg
File: epstopdf-sys.cfg 2010/07/13 v1.3 Configuration of (r)epstopdf for TeX Liv
e
))
(./cover.tex
Package epstopdf Info: Source file: <logo_epfl_coul.eps>
(epstopdf)                    date: 2019-02-21 08:14:21
(epstopdf)                    size: 763118 bytes
(epstopdf)             Output file: <logo_epfl_coul-eps-converted-to.pdf>
(epstopdf)                    date: 2019-05-31 16:54:49
(epstopdf)                    size: 10514 bytes
(epstopdf)             Command: <repstopdf --outfile=logo_epfl_coul-eps-convert
ed-to.pdf logo_epfl_coul.eps>
(epstopdf)             \includegraphics on input line 66.
Package epstopdf Info: Output file is already uptodate.
<logo_epfl_coul-eps-converted-to.pdf, id=1, 612.2875pt x 265.99374pt>
File: logo_epfl_coul-eps-converted-to.pdf Graphic file (type pdf)
<use logo_epfl_coul-eps-converted-to.pdf>
Package pdftex.def Info: logo_epfl_coul-eps-converted-to.pdf  used on input lin
e 66.
(pdftex.def)             Requested size: 113.81102pt x 49.4394pt.
LaTeX Font Info:    Try loading font information for U+msa on input line 78.
 (/usr/local/texlive/2019/texmf-dist/tex/latex/amsfonts/umsa.fd
File: umsa.fd 2013/01/14 v3.01 AMS symbols A
)
LaTeX Font Info:    Try loading font information for U+msb on input line 78.

(/usr/local/texlive/2019/texmf-dist/tex/latex/amsfonts/umsb.fd
File: umsb.fd 2013/01/14 v3.01 AMS symbols B
)) [1

{/usr/local/texlive/2019/texmf-var/fonts/map/pdftex/updmap/pdftex.map} <./logo_
epfl_coul-eps-converted-to.pdf>] (./main.toc)
\tf@toc=\write3
\openout3 = `main.toc'.

 [2] (./intro.tex) (./ripple.tex
<network.png, id=19, 1286.8075pt x 724.7075pt>
File: network.png Graphic file (type png)
<use network.png>
Package pdftex.def Info: network.png  used on input line 7.
(pdftex.def)             Requested size: 360.0pt x 202.73978pt.


LaTeX Warning: `!h' float specifier changed to `!ht'.

[1] [2 <./network.png>] [3]) (./analysis.tex [4] [5]
<repartiton_of_nodes.png, id=40, 194.70389pt x 336.69318pt>
File: repartiton_of_nodes.png Graphic file (type png)
<use repartiton_of_nodes.png>
Package pdftex.def Info: repartiton_of_nodes.png  used on input line 25.
(pdftex.def)             Requested size: 126.0022pt x 217.88725pt.
 [6 <./repartiton_of_nodes.png>]
<top_10_currencies_in_volume_in_XRP.png, id=45, 767.19565pt x 493.7033pt>
File: top_10_currencies_in_volume_in_XRP.png Graphic file (type png)
<use top_10_currencies_in_volume_in_XRP.png>
Package pdftex.def Info: top_10_currencies_in_volume_in_XRP.png  used on input 
line 39.
(pdftex.def)             Requested size: 341.9989pt x 220.0777pt.
 [7 <./top_10_currencies_in_volume_in_XRP.png>]
<first_last_hop_currencies_per_gateways.png, id=50, 1084.05pt x 1445.4pt>
File: first_last_hop_currencies_per_gateways.png Graphic file (type png)
<use first_last_hop_currencies_per_gateways.png>
Package pdftex.def Info: first_last_hop_currencies_per_gateways.png  used on in
put line 65.
(pdftex.def)             Requested size: 396.0022pt x 527.99669pt.


LaTeX Warning: `!h' float specifier changed to `!ht'.

[8] [9 <./first_last_hop_currencies_per_gateways.png>]
<number_of_transactions_processed_by_gateways_as_first_hop_for_USD_in_2017_per_
month.png, id=58, 1168.79012pt x 607.068pt>
File: number_of_transactions_processed_by_gateways_as_first_hop_for_USD_in_2017
_per_month.png Graphic file (type png)
<use number_of_transactions_processed_by_gateways_as_first_hop_for_USD_in_2017_
per_month.png>
Package pdftex.def Info: number_of_transactions_processed_by_gateways_as_first_
hop_for_USD_in_2017_per_month.png  used on input line 80.
(pdftex.def)             Requested size: 495.0pt x 257.09734pt.


LaTeX Warning: `!h' float specifier changed to `!ht'.

<volume_processed_by_gateways_as_first_hop_for_USD_in_2017_per_month.png, id=59
, 1159.15411pt x 606.21776pt>
File: volume_processed_by_gateways_as_first_hop_for_USD_in_2017_per_month.png G
raphic file (type png)
<use volume_processed_by_gateways_as_first_hop_for_USD_in_2017_per_month.png>
Package pdftex.def Info: volume_processed_by_gateways_as_first_hop_for_USD_in_2
017_per_month.png  used on input line 86.
(pdftex.def)             Requested size: 495.0pt x 258.87402pt.

LaTeX Warning: `!h' float specifier changed to `!ht'.

[10]
<number_of_transactions_processed_by_gateways_as_last_hop_for_USD_in_2017_per_g
ateway.png, id=63, 1169.35693pt x 575.8927pt>
File: number_of_transactions_processed_by_gateways_as_last_hop_for_USD_in_2017_
per_gateway.png Graphic file (type png)
<use number_of_transactions_processed_by_gateways_as_last_hop_for_USD_in_2017_p
er_gateway.png>
Package pdftex.def Info: number_of_transactions_processed_by_gateways_as_last_h
op_for_USD_in_2017_per_gateway.png  used on input line 95.
(pdftex.def)             Requested size: 495.0pt x 243.78015pt.


LaTeX Warning: `!h' float specifier changed to `!ht'.

<volume_processed_by_gateways_as_last_hop_for_USD_in_2017_per_gateway.png, id=6
4, 1160.28777pt x 577.87659pt>
File: volume_processed_by_gateways_as_last_hop_for_USD_in_2017_per_gateway.png 
Graphic file (type png)
<use volume_processed_by_gateways_as_last_hop_for_USD_in_2017_per_gateway.png>
Package pdftex.def Info: volume_processed_by_gateways_as_last_hop_for_USD_in_20
17_per_gateway.png  used on input line 101.
(pdftex.def)             Requested size: 495.0pt x 246.53339pt.

LaTeX Warning: `!h' float specifier changed to `!ht'.

[11 <./number_of_transactions_processed_by_gateways_as_first_hop_for_USD_in_201
7_per_month.png>] [12 <./volume_processed_by_gateways_as_first_hop_for_USD_in_2
017_per_month.png>]

LaTeX Warning: Text page 13 contains only floats.

[13 <./number_of_transactions_processed_by_gateways_as_last_hop_for_USD_in_2017
_per_gateway.png> <./volume_processed_by_gateways_as_last_hop_for_USD_in_2017_p
er_gateway.png>]
<sender_to_receiver_heatmap.png, id=79, 1084.05pt x 1084.05pt>
File: sender_to_receiver_heatmap.png Graphic file (type png)
<use sender_to_receiver_heatmap.png>
Package pdftex.def Info: sender_to_receiver_heatmap.png  used on input line 116
.
(pdftex.def)             Requested size: 360.0pt x 360.00375pt.
 [14 <./sender_to_receiver_heatmap.png>]
<sender_to_receiver_heatmap_volume.png, id=84, 1084.05pt x 1084.05pt>
File: sender_to_receiver_heatmap_volume.png Graphic file (type png)
<use sender_to_receiver_heatmap_volume.png>
Package pdftex.def Info: sender_to_receiver_heatmap_volume.png  used on input l
ine 125.
(pdftex.def)             Requested size: 360.0pt x 360.00375pt.
) [15 <./sender_to_receiver_heatmap_volume.png>] (./limitations.tex) (./conclus
ion.tex) (./next.tex)
[16] (./how.tex
Overfull \hbox (23.54883pt too wide) in paragraph at lines 4--6
[]\OT1/cmr/m/n/10.95 You may want to in-stall pip $\OT1/cmtt/m/n/10.95 https : 
/ / pip . pypa . io / en / stable / installing/$
 []

LaTeX Font Info:    Try loading font information for OMS+cmr on input line 7.
(/usr/local/texlive/2019/texmf-dist/tex/latex/base/omscmr.fd
File: omscmr.fd 2014/09/29 v2.5h Standard LaTeX font definitions
)
LaTeX Font Info:    Font shape `OMS/cmr/m/n' in size <10.95> not available
(Font)              Font shape `OMS/cmsy/m/n' tried instead on input line 7.

Overfull \hbox (0.91954pt too wide) in paragraph at lines 13--14
[]\OT1/cmr/m/n/10.95 Install node.js $\OT1/cmtt/m/n/10.95 https : / / nodejs . 
org / en / download/$ \OT1/cmr/m/n/10.95 to run the javascript
 []


Overfull \hbox (37.40956pt too wide) in paragraph at lines 17--18
[]\OT1/cmr/m/n/10.95 We have three orig-i-nal files sit-u-ated in rip-ple[]anal
ysis/data/transactions/original 
 []


Overfull \hbox (106.12852pt too wide) in paragraph at lines 24--25
[]\OT1/cmr/m/n/10.95 We re-named \OT1/cmtt/m/n/10.95 more-txs-from-missing-pars
ed.txt \OT1/cmr/m/n/10.95 to \OT1/cmtt/m/n/10.95 more-txs-from-missing-parsed.j
son
 []


Overfull \hbox (211.58192pt too wide) in paragraph at lines 26--27
[]\OT1/cmtt/m/n/10.95 ripple-transactions-jan-2013-dec-2016.txt \OT1/cmr/m/n/10
.95 is pro-cessed in \OT1/cmtt/m/n/10.95 ripple-transactions-jan-2013-dec-2016.
ipynb
 []

[17]) [18]
Underfull \hbox (badness 10000) in paragraph at lines 54--56
\OT1/cmtt/m/n/10.95 https : / / developers . ripple . com / become-[]an-[]xrp-[
]ledger-[]gateway .
 []


Underfull \hbox (badness 10000) in paragraph at lines 58--60
\OT1/cmtt/m/n/10.95 https : / / www . cs . purdue . edu / homes / pmorenos / pu
blic /
 []


Underfull \hbox (badness 10000) in paragraph at lines 62--65
\OT1/cmtt/m/n/10.95 https : / / wipple . devnull . network / research / gateway
s . html$ \OT1/cmr/m/n/10.95 Dev
 []


Underfull \hbox (badness 10000) in paragraph at lines 67--70
\OT1/cmtt/m/n/10.95 https : / / github . com / dedis / student _ 19 _ ripple-[]
locality$ \OT1/cmr/m/n/10.95 DEDIS
 []


Underfull \hbox (badness 10000) in paragraph at lines 72--74
\OT1/cmtt/m/n/10.95 https : / / petsymposium . org / 2016 / files / papers / Li
stening _ to _
 []


Underfull \hbox (badness 10000) in paragraph at lines 72--74
\OT1/cmtt/m/n/10.95 Whispers _ of _ Ripple _ _Linking _ Wallets _ and _ Deanony
mizing _
 []

[19

] (./main.aux) )
(\end occurred inside a group at level 1)

### simple group (level 1) entered at line 14 ({)
### bottom level 
Here is how much of TeX's memory you used:
 2685 strings out of 492616
 37782 string characters out of 6129481
 102596 words of memory out of 5000000
 6522 multiletter control sequences out of 15000+600000
 10273 words of font info for 39 fonts, out of 8000000 for 9000
 1141 hyphenation exceptions out of 8191
 41i,15n,27p,1449b,327s stack positions out of 5000i,500n,10000p,200000b,80000s
</usr/local/texlive/2019/texmf-dist/fonts/type1/public/amsfonts
/cm/cmbx10.pfb></usr/local/texlive/2019/texmf-dist/fonts/type1/public/amsfonts/
cm/cmbx12.pfb></usr/local/texlive/2019/texmf-dist/fonts/type1/public/amsfonts/c
m/cmmi10.pfb></usr/local/texlive/2019/texmf-dist/fonts/type1/public/amsfonts/cm
/cmr10.pfb></usr/local/texlive/2019/texmf-dist/fonts/type1/public/amsfonts/cm/c
mr12.pfb></usr/local/texlive/2019/texmf-dist/fonts/type1/public/amsfonts/cm/cmr
17.pfb></usr/local/texlive/2019/texmf-dist/fonts/type1/public/amsfonts/cm/cmsy1
0.pfb></usr/local/texlive/2019/texmf-dist/fonts/type1/public/amsfonts/cm/cmtt10
.pfb>
Output written on main.pdf (21 pages, 2944200 bytes).
PDF statistics:
 130 PDF objects out of 1000 (max. 8388607)
 76 compressed objects within 1 object stream
 0 named destinations out of 1000 (max. 500000)
 56 words of extra memory for PDF output out of 10000 (max. 10000000)

